{"level":"info","message":{"port":4000,"started":true}}
{"level":"info","message":{"method":"GET","type":"request_in","url":"/ping"}}
{"level":"info","message":{"status":404,"time":137,"type":"request_out","url":"/ping"}}
{"level":"info","message":{"port":5000,"started":true}}
{"level":"info","message":{"port":5000,"started":true}}
{"level":"info","message":{"port":5000,"started":true}}
{"level":"info","message":{"port":5000,"started":true}}
{"level":"info","message":{"port":5000,"started":true}}
{"level":"info","message":{"port":5000,"started":true}}
{"level":"info","message":{"port":5000,"started":true}}
{"level":"info","message":{"port":5000,"started":true}}
{"level":"info","message":{"port":5000,"started":true}}
{"level":"info","message":{"port":5000,"started":true}}
{"level":"info","message":{"port":5000,"started":true}}
{"level":"info","message":{"port":5000,"started":true}}
{"level":"info","message":{"port":5000,"started":true}}
{"level":"info","message":{"port":5000,"started":true}}
{"level":"info","message":{"port":5000,"started":true}}
{"level":"info","message":{"port":5000,"started":true}}
{"level":"info","message":{"method":"POST","type":"request_in","url":"/shorturls"}}
{"level":"info","message":{"action":"link_created","key":"abcd1"}}
{"level":"info","message":{"status":201,"time":15,"type":"request_out","url":"/shorturls"}}
{"level":"info","message":{"port":5000,"started":true}}
{"level":"info","message":{"port":5000,"started":true}}
{"level":"info","message":{"port":5000,"started":true}}
{"level":"info","message":{"port":5000,"started":true}}
{"level":"info","message":{"port":5000,"started":true}}
{"level":"info","message":{"port":5000,"started":true}}
{"level":"info","message":{"port":5000,"started":true}}
{"level":"info","message":{"port":5000,"started":true}}
{"level":"info","message":{"port":5000,"started":true}}
{"level":"info","message":{"method":"POST","requestId":"8d52b595-c1cd-485e-9a49-9b8546d2e790","type":"request_in","url":"/shorturls"}}
{"level":"info","message":{"action":"shortlink:new","key":"abcd1","requestId":"8d52b595-c1cd-485e-9a49-9b8546d2e790"}}
{"level":"info","message":{"requestId":"8d52b595-c1cd-485e-9a49-9b8546d2e790","status":201,"timeMs":13,"type":"request_out","url":"/shorturls"}}
{"level":"info","message":{"method":"POST","requestId":"4c57621a-2e7f-400a-8ad3-045e73bbcad9","type":"request_in","url":"/shorturls"}}
{"level":"info","message":{"requestId":"4c57621a-2e7f-400a-8ad3-045e73bbcad9","status":409,"timeMs":11,"type":"request_out","url":"/shorturls"}}
{"level":"info","message":{"method":"GET","requestId":"fcdbd68a-a7ce-470a-9803-f4b75c03fac7","type":"request_in","url":"/shorturls/abcd1"}}
{"level":"info","message":{"requestId":"fcdbd68a-a7ce-470a-9803-f4b75c03fac7","status":200,"timeMs":9,"type":"request_out","url":"/shorturls/abcd1"}}
{"level":"info","message":{"method":"POST","requestId":"c08234bd-80c7-4431-bc5e-85cfdcdcc5f6","type":"request_in","url":"/shorturls"}}
{"level":"info","message":{"action":"shortlink:new","key":"abcd2","requestId":"c08234bd-80c7-4431-bc5e-85cfdcdcc5f6"}}
{"level":"info","message":{"requestId":"c08234bd-80c7-4431-bc5e-85cfdcdcc5f6","status":201,"timeMs":4,"type":"request_out","url":"/shorturls"}}
{"level":"info","message":{"method":"GET","requestId":"aef4f751-5b70-48dd-ba4b-8abe5105ae49","type":"request_in","url":"/shorturls/abcd2"}}
{"level":"info","message":{"requestId":"aef4f751-5b70-48dd-ba4b-8abe5105ae49","status":200,"timeMs":1,"type":"request_out","url":"/shorturls/abcd2"}}
{"level":"info","message":{"method":"GET","requestId":"c2be33a6-0947-4edf-9fc7-0f3e3af6c053","type":"request_in","url":"/shorturls/abcd2"}}
{"level":"info","message":{"requestId":"c2be33a6-0947-4edf-9fc7-0f3e3af6c053","status":304,"timeMs":5,"type":"request_out","url":"/shorturls/abcd2"}}
{"level":"info","message":{"method":"GET","requestId":"ecb48410-c7cc-411a-afac-1b33dc73d3bf","type":"request_in","url":"/shorturls/abcd2"}}
{"level":"info","message":{"requestId":"ecb48410-c7cc-411a-afac-1b33dc73d3bf","status":304,"timeMs":4,"type":"request_out","url":"/shorturls/abcd2"}}
{"level":"info","message":{"port":5000,"started":true}}
{"level":"info","message":{"port":5000,"started":true}}
{"level":"info","message":{"port":5000,"started":true}}
{"level":"info","message":{"port":5000,"started":true}}
{"level":"info","message":{"port":5000,"started":true}}
{"level":"info","message":{"port":5000,"started":true}}
{"level":"info","message":{"port":5000,"started":true}}
{"level":"info","message":{"port":5000,"started":true}}
{"level":"info","message":{"port":5000,"started":true}}
{"level":"info","message":{"port":5000,"started":true}}
{"level":"info","message":{"port":5000,"started":true}}
{"level":"info","message":{"port":5000,"started":true}}
{"level":"info","message":{"port":5000,"started":true}}
{"level":"info","message":{"port":5000,"started":true}}
{"level":"info","message":{"port":5000,"started":true}}
{"level":"info","message":{"port":5000,"started":true}}
{"level":"info","message":{"port":5000,"started":true}}
{"level":"info","message":{"port":5000,"started":true}}
{"level":"info","message":{"port":5000,"started":true}}
{"level":"info","message":{"port":5000,"started":true}}
{"level":"info","message":{"port":5000,"started":true}}
{"level":"info","message":{"port":5000,"started":true}}
{"level":"info","message":{"port":5000,"started":true}}
{"level":"info","message":{"port":5000,"started":true}}
